{
  "RSpec": {
    "coverage": {
      "/home/julian/Escritorio/wakeUp/app/app.rb": [
        1,
        1,
        1,
        1,
        1,
        1,
        null,
        1,
        null,
        1,
        null,
        null,
        null,
        null,
        null,
        null,
        null,
        null,
        null,
        null,
        null,
        null,
        null,
        null,
        null,
        null,
        null,
        null,
        null,
        1,
        null,
        null,
        null,
        null,
        null,
        null,
        null,
        null,
        null,
        null,
        null,
        null,
        null,
        null,
        null,
        null,
        null,
        null,
        null,
        null,
        null,
        null,
        null,
        null,
        null,
        null,
        null,
        null,
        null,
        null,
        null,
        null,
        null,
        null,
        null
      ],
      "/home/julian/Escritorio/wakeUp/app/models/equipo.rb": [
        1,
        1,
        null,
        1,
        1,
        1,
        1,
        1,
        1,
        null,
        1,
        1,
        1,
        null,
        1,
        0,
        null,
        null,
        1,
        0,
        null,
        null
      ],
      "/home/julian/Escritorio/wakeUp/app/models/partido.rb": [
        1,
        1,
        null,
        1,
        1,
        1,
        1,
        1,
        null,
        null,
        1,
        0,
        null,
        null,
        1,
        3,
        null,
        null,
        1,
        1,
        0,
        null,
        1,
        0,
        null,
        1,
        1,
        null,
        null,
        null,
        null,
        1,
        5,
        2,
        null,
        3,
        1,
        null,
        2,
        2,
        null,
        null,
        null,
        null,
        1,
        5,
        4,
        4,
        null,
        1,
        1,
        null,
        1,
        1,
        null,
        null,
        null
      ],
      "/home/julian/Escritorio/wakeUp/app/models/torneo.rb": [
        1,
        1,
        null,
        1,
        1,
        1,
        1,
        1,
        1,
        1,
        null,
        1,
        1,
        1,
        null,
        1,
        1,
        1,
        3,
        null,
        null,
        null,
        1,
        3,
        3,
        3,
        3,
        3,
        3,
        3,
        3,
        3,
        null,
        null,
        null
      ]
    },
    "timestamp": 1449591995
  },
  "Cucumber Features": {
    "coverage": {
      "/home/julian/Escritorio/TIP/Backend/app/controllers/home.rb": [
        1,
        null,
        1,
        null,
        1,
        10,
        null,
        null,
        null
      ],
      "/home/julian/Escritorio/TIP/Backend/app/controllers/sessions.rb": [
        1,
        null,
        1,
        5,
        5,
        null,
        null,
        1,
        3,
        3,
        3,
        3,
        2,
        2,
        2,
        null,
        1,
        1,
        null,
        null,
        null,
        1,
        0,
        0,
        null,
        null,
        null
      ],
      "/home/julian/Escritorio/TIP/Backend/app/controllers/usuarios.rb": [
        1,
        null,
        null,
        null,
        null,
        null,
        null,
        null,
        null,
        null,
        null,
        null,
        null,
        null,
        null,
        null,
        null,
        null,
        null,
        null,
        null,
        1,
        8,
        8,
        null,
        null,
        1,
        8,
        56,
        8,
        7,
        7,
        3,
        3,
        null,
        4,
        4,
        null,
        null,
        1,
        1,
        1,
        null,
        null,
        null,
        null
      ],
      "/home/julian/Escritorio/TIP/Backend/app/helpers/sessions_helper.rb": [
        1,
        null,
        1,
        1,
        null,
        null,
        1,
        61,
        null,
        null,
        1,
        1,
        1,
        null,
        null,
        1,
        0,
        null,
        null,
        1,
        60,
        null,
        null,
        null
      ]
    },
    "timestamp": 1452566766
  }
}
